{
  "RSpec": {
    "coverage": {
      "/home/joyvis/projects/testes_empregos/pitzi_orders_service/app/channels/application_cable/channel.rb": [
        null,
        null,
        1,
        1,
        null,
        null
      ],
      "/home/joyvis/projects/testes_empregos/pitzi_orders_service/app/channels/application_cable/connection.rb": [
        null,
        null,
        1,
        1,
        null,
        null
      ],
      "/home/joyvis/projects/testes_empregos/pitzi_orders_service/app/controllers/application_controller.rb": [
        null,
        null,
        1,
        1,
        0,
        null,
        null,
        1,
        0,
        null,
        null,
        1,
        null,
        1,
        0,
        0,
        null,
        0,
        null,
        null,
        1,
        0,
        0,
        null,
        null
      ],
      "/home/joyvis/projects/testes_empregos/pitzi_orders_service/app/controllers/users_controller.rb": [
        null,
        null,
        1,
        1,
        0,
        0,
        null,
        null,
        1,
        0,
        0,
        0,
        null,
        0,
        null,
        null,
        null,
        1,
        0,
        0,
        null,
        null,
        1,
        0,
        0,
        0,
        null,
        0,
        null,
        null,
        null,
        1,
        0,
        0,
        0,
        null,
        0,
        null,
        null,
        1,
        null,
        1,
        null,
        0,
        null,
        null,
        null,
        null
      ],
      "/home/joyvis/projects/testes_empregos/pitzi_orders_service/app/jobs/application_job.rb": [
        null,
        null,
        1,
        null
      ],
      "/home/joyvis/projects/testes_empregos/pitzi_orders_service/app/mailers/application_mailer.rb": [
        null,
        null,
        1,
        1,
        1,
        null
      ],
      "/home/joyvis/projects/testes_empregos/pitzi_orders_service/app/models/application_record.rb": [
        null,
        null,
        1,
        1,
        null
      ],
      "/home/joyvis/projects/testes_empregos/pitzi_orders_service/app/models/order.rb": [
        null,
        null,
        1,
        1,
        1,
        null
      ],
      "/home/joyvis/projects/testes_empregos/pitzi_orders_service/app/models/user.rb": [
        null,
        null,
        1,
        1,
        1,
        1,
        null,
        1,
        1,
        null
      ],
      "/home/joyvis/projects/testes_empregos/pitzi_orders_service/app/serializers/user_serializer.rb": [
        null,
        null,
        1,
        1,
        1,
        1,
        null
      ]
    },
    "timestamp": 1556911812
  }
}
